0 info it worked if it ends with ok
1 verbose cli [ '/usr/local/bin/node',
1 verbose cli   '/usr/local/bin/npm',
1 verbose cli   'run',
1 verbose cli   'dev:build:client' ]
2 info using npm@3.10.9
3 info using node@v6.9.1
4 verbose run-script [ 'predev:build:client',
4 verbose run-script   'dev:build:client',
4 verbose run-script   'postdev:build:client' ]
5 info lifecycle example-ui@1.0.0~predev:build:client: example-ui@1.0.0
6 silly lifecycle example-ui@1.0.0~predev:build:client: no script for predev:build:client, continuing
7 info lifecycle example-ui@1.0.0~dev:build:client: example-ui@1.0.0
8 verbose lifecycle example-ui@1.0.0~dev:build:client: unsafe-perm in lifecycle true
9 verbose lifecycle example-ui@1.0.0~dev:build:client: PATH: /usr/local/lib/node_modules/npm/bin/node-gyp-bin:/Codeblocks/git/aws/demo-application/example-ui/node_modules/.bin:/Users/VenkataSanthosh/bin:/usr/local/bin:/Users/VenkataSanthosh/.sdkman/candidates/springboot/current/bin:/Users/VenkataSanthosh/.sdkman/candidates/maven/current/bin:/Users/VenkataSanthosh/.sdkman/candidates/java/current/bin:/Users/VenkataSanthosh/.sdkman/candidates/groovy/current/bin:/Users/VenkataSanthosh/.sdkman/candidates/gradle/current/bin:/usr/local/bin:/usr/bin:/bin:/usr/sbin:/sbin:/Library/TeX/texbin
10 verbose lifecycle example-ui@1.0.0~dev:build:client: CWD: /Codeblocks/git/aws/demo-application/example-ui
11 silly lifecycle example-ui@1.0.0~dev:build:client: Args: [ '-c', 'webpack --config webpack.client.js --watch' ]
12 silly lifecycle example-ui@1.0.0~dev:build:client: Returned: code: 1  signal: null
13 info lifecycle example-ui@1.0.0~dev:build:client: Failed to exec dev:build:client script
14 verbose stack Error: example-ui@1.0.0 dev:build:client: `webpack --config webpack.client.js --watch`
14 verbose stack Exit status 1
14 verbose stack     at EventEmitter.<anonymous> (/usr/local/lib/node_modules/npm/lib/utils/lifecycle.js:255:16)
14 verbose stack     at emitTwo (events.js:106:13)
14 verbose stack     at EventEmitter.emit (events.js:191:7)
14 verbose stack     at ChildProcess.<anonymous> (/usr/local/lib/node_modules/npm/lib/utils/spawn.js:40:14)
14 verbose stack     at emitTwo (events.js:106:13)
14 verbose stack     at ChildProcess.emit (events.js:191:7)
14 verbose stack     at maybeClose (internal/child_process.js:877:16)
14 verbose stack     at Process.ChildProcess._handle.onexit (internal/child_process.js:226:5)
15 verbose pkgid example-ui@1.0.0
16 verbose cwd /Codeblocks/git/aws/demo-application/example-ui
17 error Darwin 17.4.0
18 error argv "/usr/local/bin/node" "/usr/local/bin/npm" "run" "dev:build:client"
19 error node v6.9.1
20 error npm  v3.10.9
21 error code ELIFECYCLE
22 error example-ui@1.0.0 dev:build:client: `webpack --config webpack.client.js --watch`
22 error Exit status 1
23 error Failed at the example-ui@1.0.0 dev:build:client script 'webpack --config webpack.client.js --watch'.
23 error Make sure you have the latest version of node.js and npm installed.
23 error If you do, this is most likely a problem with the example-ui package,
23 error not with npm itself.
23 error Tell the author that this fails on your system:
23 error     webpack --config webpack.client.js --watch
23 error You can get information on how to open an issue for this project with:
23 error     npm bugs example-ui
23 error Or if that isn't available, you can get their info via:
23 error     npm owner ls example-ui
23 error There is likely additional logging output above.
24 verbose exit [ 1, true ]
